0 info it worked if it ends with ok
1 verbose cli [ '/usr/local/bin/node', '/usr/local/bin/npm', 'run', 'start' ]
2 info using npm@3.10.6
3 info using node@v6.2.2
4 verbose run-script [ 'prestart', 'start', 'poststart' ]
5 info lifecycle react-redux@0.0.1~prestart: react-redux@0.0.1
6 verbose lifecycle react-redux@0.0.1~prestart: unsafe-perm in lifecycle true
7 verbose lifecycle react-redux@0.0.1~prestart: PATH: /usr/local/lib/node_modules/npm/bin/node-gyp-bin:/Users/mac/Desktop/workspace/Tomra/react-redux/node_modules/.bin:/usr/local/bin:/usr/bin:/bin:/usr/sbin:/sbin:/Users/mac/Downloads/apache-maven-3.3.9/bin
8 verbose lifecycle react-redux@0.0.1~prestart: CWD: /Users/mac/Desktop/workspace/Tomra/react-redux
9 silly lifecycle react-redux@0.0.1~prestart: Args: [ '-c', 'node tools/startMessage.js' ]
10 silly lifecycle react-redux@0.0.1~prestart: Returned: code: 0  signal: null
11 info lifecycle react-redux@0.0.1~start: react-redux@0.0.1
12 verbose lifecycle react-redux@0.0.1~start: unsafe-perm in lifecycle true
13 verbose lifecycle react-redux@0.0.1~start: PATH: /usr/local/lib/node_modules/npm/bin/node-gyp-bin:/Users/mac/Desktop/workspace/Tomra/react-redux/node_modules/.bin:/usr/local/bin:/usr/bin:/bin:/usr/sbin:/sbin:/Users/mac/Downloads/apache-maven-3.3.9/bin
14 verbose lifecycle react-redux@0.0.1~start: CWD: /Users/mac/Desktop/workspace/Tomra/react-redux
15 silly lifecycle react-redux@0.0.1~start: Args: [ '-c',
15 silly lifecycle   'npm-run-all --parallel start:app test:watch lint:watch' ]
16 silly lifecycle react-redux@0.0.1~start: Returned: code: 1  signal: null
17 info lifecycle react-redux@0.0.1~start: Failed to exec start script
18 verbose stack Error: react-redux@0.0.1 start: `npm-run-all --parallel start:app test:watch lint:watch`
18 verbose stack Exit status 1
18 verbose stack     at EventEmitter.<anonymous> (/usr/local/lib/node_modules/npm/lib/utils/lifecycle.js:255:16)
18 verbose stack     at emitTwo (events.js:106:13)
18 verbose stack     at EventEmitter.emit (events.js:191:7)
18 verbose stack     at ChildProcess.<anonymous> (/usr/local/lib/node_modules/npm/lib/utils/spawn.js:40:14)
18 verbose stack     at emitTwo (events.js:106:13)
18 verbose stack     at ChildProcess.emit (events.js:191:7)
18 verbose stack     at maybeClose (internal/child_process.js:852:16)
18 verbose stack     at Process.ChildProcess._handle.onexit (internal/child_process.js:215:5)
19 verbose pkgid react-redux@0.0.1
20 verbose cwd /Users/mac/Desktop/workspace/Tomra/react-redux
21 error Darwin 15.5.0
22 error argv "/usr/local/bin/node" "/usr/local/bin/npm" "run" "start"
23 error node v6.2.2
24 error npm  v3.10.6
25 error code ELIFECYCLE
26 error react-redux@0.0.1 start: `npm-run-all --parallel start:app test:watch lint:watch`
26 error Exit status 1
27 error Failed at the react-redux@0.0.1 start script 'npm-run-all --parallel start:app test:watch lint:watch'.
27 error Make sure you have the latest version of node.js and npm installed.
27 error If you do, this is most likely a problem with the react-redux package,
27 error not with npm itself.
27 error Tell the author that this fails on your system:
27 error     npm-run-all --parallel start:app test:watch lint:watch
27 error You can get information on how to open an issue for this project with:
27 error     npm bugs react-redux
27 error Or if that isn't available, you can get their info via:
27 error     npm owner ls react-redux
27 error There is likely additional logging output above.
28 verbose exit [ 1, true ]
